Using pre-set license
Built from '2020.3/staging' branch; Version is '2020.3.4f1 (0abb6314276a) revision 703331'; Using compiler version '192528614'; Build Type 'Release'
OS: 'Windows 10 Home; OS build 19041.928; Version 2004; 64bit' Language: 'sv' Physical Memory: 16343 MB
BatchMode: 1, IsHumanControllingUs: 0, StartBugReporterOnCrash: 0, Is64bit: 1, IsPro: 0

 COMMAND LINE ARGUMENTS:
D:\Unity\2020.3.4f1\Editor\Unity.exe
-adb2
-batchMode
-noUpm
-name
AssetImportWorker0
-projectPath
C:/Users/Jesper/Documents/GitHub/ICT2021-Graviton/Graviton
-logFile
Logs/AssetImportWorker0.log
-srvPort
53462
Successfully changed project path to: C:/Users/Jesper/Documents/GitHub/ICT2021-Graviton/Graviton
C:/Users/Jesper/Documents/GitHub/ICT2021-Graviton/Graviton
Using Asset Import Pipeline V2.
Refreshing native plugins compatible for Editor in 34.11 ms, found 1 plugins.
Preloading 0 native plugins for Editor in 0.00 ms.
Initialize engine version: 2020.3.4f1 (0abb6314276a)
[Subsystems] Discovering subsystems at path D:/Unity/2020.3.4f1/Editor/Data/Resources/UnitySubsystems
[Subsystems] Discovering subsystems at path C:/Users/Jesper/Documents/GitHub/ICT2021-Graviton/Graviton/Assets
GfxDevice: creating device client; threaded=0
Direct3D:
    Version:  Direct3D 11.0 [level 11.1]
    Renderer: NVIDIA GeForce GTX 1080 (ID=0x1b80)
    Vendor:   
    VRAM:     8079 MB
    Driver:   27.21.14.6079
Initialize mono
Mono path[0] = 'D:/Unity/2020.3.4f1/Editor/Data/Managed'
Mono path[1] = 'D:/Unity/2020.3.4f1/Editor/Data/MonoBleedingEdge/lib/mono/unityjit'
Mono config path = 'D:/Unity/2020.3.4f1/Editor/Data/MonoBleedingEdge/etc'
Using monoOptions --debugger-agent=transport=dt_socket,embedding=1,server=y,suspend=n,address=127.0.0.1:56520
Begin MonoManager ReloadAssembly
Registering precompiled unity dll's ...
Register platform support module: D:/Unity/2020.3.4f1/Editor/Data/PlaybackEngines/WindowsStandaloneSupport/UnityEditor.WindowsStandalone.Extensions.dll
Registered in 0.001290 seconds.
Native extension for WindowsStandalone target not found
Refreshing native plugins compatible for Editor in 39.11 ms, found 1 plugins.
Preloading 0 native plugins for Editor in 0.00 ms.
Mono: successfully reloaded assembly
- Completed reload, in  0.990 seconds
Platform modules already initialized, skipping
Registering precompiled user dll's ...
Registered in 0.001026 seconds.
Begin MonoManager ReloadAssembly
Native extension for WindowsStandalone target not found
Refreshing native plugins compatible for Editor in 35.00 ms, found 1 plugins.
Preloading 0 native plugins for Editor in 0.00 ms.
Mono: successfully reloaded assembly
- Completed reload, in  0.930 seconds
Platform modules already initialized, skipping
========================================================================
Worker process is ready to serve import requests
Launched and connected shader compiler UnityShaderCompiler.exe after 0.06 seconds
Refreshing native plugins compatible for Editor in 0.33 ms, found 1 plugins.
Preloading 0 native plugins for Editor in 0.00 ms.
Unloading 1808 Unused Serialized files (Serialized files now loaded: 0)
System memory in use before: 84.9 MB.
System memory in use after: 84.9 MB.

Unloading 24 unused Assets to reduce memory usage. Loaded Objects now: 2250.
Total: 1.746800 ms (FindLiveObjects: 0.167600 ms CreateObjectMapping: 0.070100 ms MarkObjects: 1.394700 ms  DeleteObjects: 0.113400 ms)

========================================================================
Received Import Request.
  path: Assets/Placeholders
  artifactKey: Guid(4bd4bbf0f197f984891b5c0e693e0af7) Importer(815301076,1909f56bfc062723c751e8b465ee728b)
Start importing Assets/Placeholders using Guid(4bd4bbf0f197f984891b5c0e693e0af7) Importer(815301076,1909f56bfc062723c751e8b465ee728b)  -> (artifact id: '7065674fb093189c0019f5cc094c27a8') in 0.008334 seconds
  Import took 0.010905 seconds .

========================================================================
Received Import Request.
  Time since last request: 74.534538 seconds.
  path: Assets/Placeholders/hero
  artifactKey: Guid(b79a7f83ee5f10d47b830696468b04d1) Importer(815301076,1909f56bfc062723c751e8b465ee728b)
Start importing Assets/Placeholders/hero using Guid(b79a7f83ee5f10d47b830696468b04d1) Importer(815301076,1909f56bfc062723c751e8b465ee728b)  -> (artifact id: '641dfc7fb3b4f985cf030ebd390a2eaa') in 0.007695 seconds
  Import took 0.010783 seconds .

========================================================================
Received Import Request.
  Time since last request: 0.803388 seconds.
  path: Assets/Placeholders/hero/hero.png
  artifactKey: Guid(d692dcc7ef4854bb0b35411f364a7914) Importer(815301076,1909f56bfc062723c751e8b465ee728b)
Start importing Assets/Placeholders/hero/hero.png using Guid(d692dcc7ef4854bb0b35411f364a7914) Importer(815301076,1909f56bfc062723c751e8b465ee728b)  -> (artifact id: 'e4126e8a7b9e298f95761e0217f56d94') in 0.152104 seconds
  Import took 0.154879 seconds .

========================================================================
Received Import Request.
  Time since last request: 9.995978 seconds.
  path: Assets/Placeholders/hero/fly/hero_fly_0001.png
  artifactKey: Guid(6a6d2aec31e2f480d931bcb855a4e267) Importer(815301076,1909f56bfc062723c751e8b465ee728b)
Start importing Assets/Placeholders/hero/fly/hero_fly_0001.png using Guid(6a6d2aec31e2f480d931bcb855a4e267) Importer(815301076,1909f56bfc062723c751e8b465ee728b)  -> (artifact id: '23b0b245492c6ad5347621c2100301e2') in 0.014313 seconds
  Import took 0.017152 seconds .

========================================================================
Received Import Request.
  Time since last request: 0.000163 seconds.
  path: Assets/Placeholders/hero/fly/hero_fly_0002.png
  artifactKey: Guid(2b84b042c476c486cb682f2917b4022b) Importer(815301076,1909f56bfc062723c751e8b465ee728b)
Start importing Assets/Placeholders/hero/fly/hero_fly_0002.png using Guid(2b84b042c476c486cb682f2917b4022b) Importer(815301076,1909f56bfc062723c751e8b465ee728b)  -> (artifact id: '6ca438dd40774cdd6dabdbb639bbcc21') in 0.012961 seconds
  Import took 0.015581 seconds .

========================================================================
Received Import Request.
  Time since last request: 0.000175 seconds.
  path: Assets/Placeholders/hero/fly/hero_fly_0003.png
  artifactKey: Guid(7b6d059d7e79d4be9b48f7c6173df54c) Importer(815301076,1909f56bfc062723c751e8b465ee728b)
Start importing Assets/Placeholders/hero/fly/hero_fly_0003.png using Guid(7b6d059d7e79d4be9b48f7c6173df54c) Importer(815301076,1909f56bfc062723c751e8b465ee728b)  -> (artifact id: '358370d50230bfa7030bb534d43a3445') in 0.013109 seconds
  Import took 0.015572 seconds .

========================================================================
Received Import Request.
  Time since last request: 0.859305 seconds.
  path: Assets/Placeholders/hero/walk/hero_walk_0001.png
  artifactKey: Guid(171a2917b1c194a8bbe0d8ab9d1b0726) Importer(815301076,1909f56bfc062723c751e8b465ee728b)
Start importing Assets/Placeholders/hero/walk/hero_walk_0001.png using Guid(171a2917b1c194a8bbe0d8ab9d1b0726) Importer(815301076,1909f56bfc062723c751e8b465ee728b)  -> (artifact id: '5d47757188e985badc10b4b8e23636ec') in 0.013992 seconds
  Import took 0.016891 seconds .

========================================================================
Received Import Request.
  Time since last request: 0.000182 seconds.
  path: Assets/Placeholders/hero/walk/hero_walk_0007.png
  artifactKey: Guid(b8033d7c542944bffac3acab100d3786) Importer(815301076,1909f56bfc062723c751e8b465ee728b)
Start importing Assets/Placeholders/hero/walk/hero_walk_0007.png using Guid(b8033d7c542944bffac3acab100d3786) Importer(815301076,1909f56bfc062723c751e8b465ee728b)  -> (artifact id: '9ae5da8c39724860f6dbfaa6a7c9d652') in 0.012624 seconds
  Import took 0.015438 seconds .

========================================================================
Received Import Request.
  Time since last request: 0.000176 seconds.
  path: Assets/Placeholders/hero/walk/hero_walk_0012.png
  artifactKey: Guid(5dc498fe449bd4de09d95b2607a2c747) Importer(815301076,1909f56bfc062723c751e8b465ee728b)
Start importing Assets/Placeholders/hero/walk/hero_walk_0012.png using Guid(5dc498fe449bd4de09d95b2607a2c747) Importer(815301076,1909f56bfc062723c751e8b465ee728b)  -> (artifact id: '40360c9a401926ca64fe1f4ff82bcbff') in 0.012486 seconds
  Import took 0.015083 seconds .

========================================================================
Received Import Request.
  Time since last request: 0.000167 seconds.
  path: Assets/Placeholders/hero/walk/hero_walk_0003.png
  artifactKey: Guid(3387e289e9da1480da48dfe6f115ea88) Importer(815301076,1909f56bfc062723c751e8b465ee728b)
Start importing Assets/Placeholders/hero/walk/hero_walk_0003.png using Guid(3387e289e9da1480da48dfe6f115ea88) Importer(815301076,1909f56bfc062723c751e8b465ee728b)  -> (artifact id: '3dc4c6a2a05cfa346438a69a4393d7df') in 0.012753 seconds
  Import took 0.015249 seconds .

========================================================================
Received Import Request.
  Time since last request: 0.000183 seconds.
  path: Assets/Placeholders/hero/walk/hero_walk_0009.png
  artifactKey: Guid(bdb57b26e38a74644b34cc6649f2b889) Importer(815301076,1909f56bfc062723c751e8b465ee728b)
Start importing Assets/Placeholders/hero/walk/hero_walk_0009.png using Guid(bdb57b26e38a74644b34cc6649f2b889) Importer(815301076,1909f56bfc062723c751e8b465ee728b)  -> (artifact id: '199aa93db7b395daa366aa16dd2bf912') in 0.011928 seconds
  Import took 0.014574 seconds .

========================================================================
Received Import Request.
  Time since last request: 0.000173 seconds.
  path: Assets/Placeholders/hero/walk/hero_walk_0002.png
  artifactKey: Guid(44a1838446c0648c5bd3d672deb54ca5) Importer(815301076,1909f56bfc062723c751e8b465ee728b)
Start importing Assets/Placeholders/hero/walk/hero_walk_0002.png using Guid(44a1838446c0648c5bd3d672deb54ca5) Importer(815301076,1909f56bfc062723c751e8b465ee728b)  -> (artifact id: 'ee3f9e0a6dd8e609df8dbb742f89edcc') in 0.011102 seconds
  Import took 0.013569 seconds .

========================================================================
Received Import Request.
  Time since last request: 0.000174 seconds.
  path: Assets/Placeholders/hero/walk/hero_walk_0011.png
  artifactKey: Guid(37fc02ce3825a425e99d5f8c1217798e) Importer(815301076,1909f56bfc062723c751e8b465ee728b)
Start importing Assets/Placeholders/hero/walk/hero_walk_0011.png using Guid(37fc02ce3825a425e99d5f8c1217798e) Importer(815301076,1909f56bfc062723c751e8b465ee728b)  -> (artifact id: '5353a0a4a2fc57a61f8b733117b6aadc') in 0.011666 seconds
  Import took 0.014349 seconds .

========================================================================
Received Import Request.
  Time since last request: 0.000233 seconds.
  path: Assets/Placeholders/hero/walk/hero_walk_0004.png
  artifactKey: Guid(b59536c50c7ec4142a7f7708e67bf1cc) Importer(815301076,1909f56bfc062723c751e8b465ee728b)
Start importing Assets/Placeholders/hero/walk/hero_walk_0004.png using Guid(b59536c50c7ec4142a7f7708e67bf1cc) Importer(815301076,1909f56bfc062723c751e8b465ee728b)  -> (artifact id: '5f24a4e1ba79c13e056799dd72b51d6a') in 0.015639 seconds
  Import took 0.019205 seconds .

========================================================================
Received Import Request.
  Time since last request: 0.000171 seconds.
  path: Assets/Placeholders/hero/walk/hero_walk_0010.png
  artifactKey: Guid(a6cb35a2faae045cc9fff08e8a5115fc) Importer(815301076,1909f56bfc062723c751e8b465ee728b)
Start importing Assets/Placeholders/hero/walk/hero_walk_0010.png using Guid(a6cb35a2faae045cc9fff08e8a5115fc) Importer(815301076,1909f56bfc062723c751e8b465ee728b)  -> (artifact id: '0416e54749400e4f012255ce0fd1ad1a') in 0.015424 seconds
  Import took 0.018590 seconds .

========================================================================
Received Import Request.
  Time since last request: 0.000187 seconds.
  path: Assets/Placeholders/hero/walk/hero_walk_0004.png
  artifactKey: Guid(b59536c50c7ec4142a7f7708e67bf1cc) Importer(815301076,1909f56bfc062723c751e8b465ee728b)
Start importing Assets/Placeholders/hero/walk/hero_walk_0004.png using Guid(b59536c50c7ec4142a7f7708e67bf1cc) Importer(815301076,1909f56bfc062723c751e8b465ee728b)  -> (artifact id: '5f24a4e1ba79c13e056799dd72b51d6a') in 0.012406 seconds
  Import took 0.015187 seconds .

========================================================================
Received Import Request.
  Time since last request: 0.000189 seconds.
  path: Assets/Placeholders/hero/walk/hero_walk_0005.png
  artifactKey: Guid(0f77b1c4511544fd8abdf8e94fd58c6e) Importer(815301076,1909f56bfc062723c751e8b465ee728b)
Start importing Assets/Placeholders/hero/walk/hero_walk_0005.png using Guid(0f77b1c4511544fd8abdf8e94fd58c6e) Importer(815301076,1909f56bfc062723c751e8b465ee728b)  -> (artifact id: '11c162c07fa2cfa4c85ff90ce3a0d422') in 0.016851 seconds
  Import took 0.019793 seconds .

========================================================================
Received Import Request.
  Time since last request: 0.000164 seconds.
  path: Assets/Placeholders/hero/walk/hero_walk_0006.png
  artifactKey: Guid(f3da944b9b20a4d029452bd044d0d2d6) Importer(815301076,1909f56bfc062723c751e8b465ee728b)
Start importing Assets/Placeholders/hero/walk/hero_walk_0006.png using Guid(f3da944b9b20a4d029452bd044d0d2d6) Importer(815301076,1909f56bfc062723c751e8b465ee728b)  -> (artifact id: 'a17d0db17c2d9be5bc6549125368e0a2') in 0.012990 seconds
  Import took 0.015400 seconds .

========================================================================
Received Import Request.
  Time since last request: 0.000167 seconds.
  path: Assets/Placeholders/hero/walk/hero_walk_0008.png
  artifactKey: Guid(e961de1b789684eceaf0b1857fd2a337) Importer(815301076,1909f56bfc062723c751e8b465ee728b)
Start importing Assets/Placeholders/hero/walk/hero_walk_0008.png using Guid(e961de1b789684eceaf0b1857fd2a337) Importer(815301076,1909f56bfc062723c751e8b465ee728b)  -> (artifact id: 'a2d406df21180c2c8a655cdf25e2f3b8') in 0.011482 seconds
  Import took 0.013967 seconds .

AssetImportWorkerClient::OnTransportError - code=2 error=End of file
